<?xml version="1.0" encoding="UTF-8"?>
<testsuite xmlns:xsi="http://www.w3.org/2001/XMLSchema-instance" xsi:noNamespaceSchemaLocation="https://maven.apache.org/surefire/maven-surefire-plugin/xsd/surefire-test-report-3.0.xsd" version="3.0" name="authservice.authservice.controller.UserControllerTest" time="2.594" tests="7" errors="0" skipped="0" failures="0">
  <properties>
    <property name="java.specification.version" value="21"/>
    <property name="sun.jnu.encoding" value="UTF-8"/>
    <property name="java.class.path" value="/Users/botirkhaltaev/Desktop/travel.io/auth_service/target/test-classes:/Users/botirkhaltaev/Desktop/travel.io/auth_service/target/classes:/Users/botirkhaltaev/.m2/repository/org/springframework/boot/spring-boot-starter-web/3.2.2/spring-boot-starter-web-3.2.2.jar:/Users/botirkhaltaev/.m2/repository/org/springframework/boot/spring-boot-starter/3.2.2/spring-boot-starter-3.2.2.jar:/Users/botirkhaltaev/.m2/repository/org/springframework/boot/spring-boot/3.2.2/spring-boot-3.2.2.jar:/Users/botirkhaltaev/.m2/repository/org/springframework/boot/spring-boot-autoconfigure/3.2.2/spring-boot-autoconfigure-3.2.2.jar:/Users/botirkhaltaev/.m2/repository/org/springframework/boot/spring-boot-starter-logging/3.2.2/spring-boot-starter-logging-3.2.2.jar:/Users/botirkhaltaev/.m2/repository/ch/qos/logback/logback-classic/1.4.14/logback-classic-1.4.14.jar:/Users/botirkhaltaev/.m2/repository/ch/qos/logback/logback-core/1.4.14/logback-core-1.4.14.jar:/Users/botirkhaltaev/.m2/repository/org/apache/logging/log4j/log4j-to-slf4j/2.21.1/log4j-to-slf4j-2.21.1.jar:/Users/botirkhaltaev/.m2/repository/org/apache/logging/log4j/log4j-api/2.21.1/log4j-api-2.21.1.jar:/Users/botirkhaltaev/.m2/repository/org/slf4j/jul-to-slf4j/2.0.11/jul-to-slf4j-2.0.11.jar:/Users/botirkhaltaev/.m2/repository/jakarta/annotation/jakarta.annotation-api/2.1.1/jakarta.annotation-api-2.1.1.jar:/Users/botirkhaltaev/.m2/repository/org/yaml/snakeyaml/2.2/snakeyaml-2.2.jar:/Users/botirkhaltaev/.m2/repository/org/springframework/boot/spring-boot-starter-json/3.2.2/spring-boot-starter-json-3.2.2.jar:/Users/botirkhaltaev/.m2/repository/com/fasterxml/jackson/datatype/jackson-datatype-jdk8/2.15.3/jackson-datatype-jdk8-2.15.3.jar:/Users/botirkhaltaev/.m2/repository/com/fasterxml/jackson/datatype/jackson-datatype-jsr310/2.15.3/jackson-datatype-jsr310-2.15.3.jar:/Users/botirkhaltaev/.m2/repository/com/fasterxml/jackson/module/jackson-module-parameter-names/2.15.3/jackson-module-parameter-names-2.15.3.jar:/Users/botirkhaltaev/.m2/repository/org/springframework/boot/spring-boot-starter-tomcat/3.2.2/spring-boot-starter-tomcat-3.2.2.jar:/Users/botirkhaltaev/.m2/repository/org/apache/tomcat/embed/tomcat-embed-core/10.1.18/tomcat-embed-core-10.1.18.jar:/Users/botirkhaltaev/.m2/repository/org/apache/tomcat/embed/tomcat-embed-el/10.1.18/tomcat-embed-el-10.1.18.jar:/Users/botirkhaltaev/.m2/repository/org/apache/tomcat/embed/tomcat-embed-websocket/10.1.18/tomcat-embed-websocket-10.1.18.jar:/Users/botirkhaltaev/.m2/repository/org/springframework/spring-web/6.1.3/spring-web-6.1.3.jar:/Users/botirkhaltaev/.m2/repository/org/springframework/spring-beans/6.1.3/spring-beans-6.1.3.jar:/Users/botirkhaltaev/.m2/repository/io/micrometer/micrometer-observation/1.12.2/micrometer-observation-1.12.2.jar:/Users/botirkhaltaev/.m2/repository/io/micrometer/micrometer-commons/1.12.2/micrometer-commons-1.12.2.jar:/Users/botirkhaltaev/.m2/repository/org/springframework/spring-webmvc/6.1.3/spring-webmvc-6.1.3.jar:/Users/botirkhaltaev/.m2/repository/org/springframework/spring-context/6.1.3/spring-context-6.1.3.jar:/Users/botirkhaltaev/.m2/repository/org/springframework/spring-expression/6.1.3/spring-expression-6.1.3.jar:/Users/botirkhaltaev/.m2/repository/org/springframework/boot/spring-boot-starter-security/3.2.2/spring-boot-starter-security-3.2.2.jar:/Users/botirkhaltaev/.m2/repository/org/springframework/spring-aop/6.1.3/spring-aop-6.1.3.jar:/Users/botirkhaltaev/.m2/repository/org/springframework/security/spring-security-config/6.2.1/spring-security-config-6.2.1.jar:/Users/botirkhaltaev/.m2/repository/org/springframework/security/spring-security-web/6.2.1/spring-security-web-6.2.1.jar:/Users/botirkhaltaev/.m2/repository/org/springframework/boot/spring-boot-starter-oauth2-client/3.2.2/spring-boot-starter-oauth2-client-3.2.2.jar:/Users/botirkhaltaev/.m2/repository/org/springframework/security/spring-security-core/6.2.1/spring-security-core-6.2.1.jar:/Users/botirkhaltaev/.m2/repository/org/springframework/security/spring-security-crypto/6.2.1/spring-security-crypto-6.2.1.jar:/Users/botirkhaltaev/.m2/repository/org/springframework/security/spring-security-oauth2-jose/6.2.1/spring-security-oauth2-jose-6.2.1.jar:/Users/botirkhaltaev/.m2/repository/com/nimbusds/nimbus-jose-jwt/9.24.4/nimbus-jose-jwt-9.24.4.jar:/Users/botirkhaltaev/.m2/repository/org/springframework/boot/spring-boot-starter-oauth2-resource-server/3.2.2/spring-boot-starter-oauth2-resource-server-3.2.2.jar:/Users/botirkhaltaev/.m2/repository/org/springframework/security/spring-security-oauth2-resource-server/6.2.1/spring-security-oauth2-resource-server-6.2.1.jar:/Users/botirkhaltaev/.m2/repository/org/projectlombok/lombok/1.18.30/lombok-1.18.30.jar:/Users/botirkhaltaev/.m2/repository/org/springframework/boot/spring-boot-starter-data-jpa/3.2.2/spring-boot-starter-data-jpa-3.2.2.jar:/Users/botirkhaltaev/.m2/repository/org/springframework/boot/spring-boot-starter-aop/3.2.2/spring-boot-starter-aop-3.2.2.jar:/Users/botirkhaltaev/.m2/repository/org/aspectj/aspectjweaver/1.9.21/aspectjweaver-1.9.21.jar:/Users/botirkhaltaev/.m2/repository/org/springframework/boot/spring-boot-starter-jdbc/3.2.2/spring-boot-starter-jdbc-3.2.2.jar:/Users/botirkhaltaev/.m2/repository/com/zaxxer/HikariCP/5.0.1/HikariCP-5.0.1.jar:/Users/botirkhaltaev/.m2/repository/org/springframework/spring-jdbc/6.1.3/spring-jdbc-6.1.3.jar:/Users/botirkhaltaev/.m2/repository/org/hibernate/orm/hibernate-core/6.4.1.Final/hibernate-core-6.4.1.Final.jar:/Users/botirkhaltaev/.m2/repository/jakarta/persistence/jakarta.persistence-api/3.1.0/jakarta.persistence-api-3.1.0.jar:/Users/botirkhaltaev/.m2/repository/jakarta/transaction/jakarta.transaction-api/2.0.1/jakarta.transaction-api-2.0.1.jar:/Users/botirkhaltaev/.m2/repository/org/jboss/logging/jboss-logging/3.5.3.Final/jboss-logging-3.5.3.Final.jar:/Users/botirkhaltaev/.m2/repository/org/hibernate/common/hibernate-commons-annotations/6.0.6.Final/hibernate-commons-annotations-6.0.6.Final.jar:/Users/botirkhaltaev/.m2/repository/io/smallrye/jandex/3.1.2/jandex-3.1.2.jar:/Users/botirkhaltaev/.m2/repository/com/fasterxml/classmate/1.6.0/classmate-1.6.0.jar:/Users/botirkhaltaev/.m2/repository/net/bytebuddy/byte-buddy/1.14.11/byte-buddy-1.14.11.jar:/Users/botirkhaltaev/.m2/repository/org/glassfish/jaxb/jaxb-runtime/4.0.4/jaxb-runtime-4.0.4.jar:/Users/botirkhaltaev/.m2/repository/org/glassfish/jaxb/jaxb-core/4.0.4/jaxb-core-4.0.4.jar:/Users/botirkhaltaev/.m2/repository/org/eclipse/angus/angus-activation/2.0.1/angus-activation-2.0.1.jar:/Users/botirkhaltaev/.m2/repository/org/glassfish/jaxb/txw2/4.0.4/txw2-4.0.4.jar:/Users/botirkhaltaev/.m2/repository/com/sun/istack/istack-commons-runtime/4.1.2/istack-commons-runtime-4.1.2.jar:/Users/botirkhaltaev/.m2/repository/jakarta/inject/jakarta.inject-api/2.0.1/jakarta.inject-api-2.0.1.jar:/Users/botirkhaltaev/.m2/repository/org/antlr/antlr4-runtime/4.13.0/antlr4-runtime-4.13.0.jar:/Users/botirkhaltaev/.m2/repository/org/springframework/data/spring-data-jpa/3.2.2/spring-data-jpa-3.2.2.jar:/Users/botirkhaltaev/.m2/repository/org/springframework/data/spring-data-commons/3.2.2/spring-data-commons-3.2.2.jar:/Users/botirkhaltaev/.m2/repository/org/springframework/spring-orm/6.1.3/spring-orm-6.1.3.jar:/Users/botirkhaltaev/.m2/repository/org/springframework/spring-tx/6.1.3/spring-tx-6.1.3.jar:/Users/botirkhaltaev/.m2/repository/org/slf4j/slf4j-api/2.0.11/slf4j-api-2.0.11.jar:/Users/botirkhaltaev/.m2/repository/org/springframework/spring-aspects/6.1.3/spring-aspects-6.1.3.jar:/Users/botirkhaltaev/.m2/repository/com/h2database/h2/2.2.224/h2-2.2.224.jar:/Users/botirkhaltaev/.m2/repository/io/jsonwebtoken/jjwt-api/0.11.2/jjwt-api-0.11.2.jar:/Users/botirkhaltaev/.m2/repository/io/jsonwebtoken/jjwt-impl/0.11.2/jjwt-impl-0.11.2.jar:/Users/botirkhaltaev/.m2/repository/io/jsonwebtoken/jjwt-jackson/0.11.2/jjwt-jackson-0.11.2.jar:/Users/botirkhaltaev/.m2/repository/com/fasterxml/jackson/core/jackson-databind/2.15.3/jackson-databind-2.15.3.jar:/Users/botirkhaltaev/.m2/repository/com/fasterxml/jackson/core/jackson-annotations/2.15.3/jackson-annotations-2.15.3.jar:/Users/botirkhaltaev/.m2/repository/com/fasterxml/jackson/core/jackson-core/2.15.3/jackson-core-2.15.3.jar:/Users/botirkhaltaev/.m2/repository/org/springframework/security/spring-security-oauth2-client/6.2.1/spring-security-oauth2-client-6.2.1.jar:/Users/botirkhaltaev/.m2/repository/org/springframework/security/spring-security-oauth2-core/6.2.1/spring-security-oauth2-core-6.2.1.jar:/Users/botirkhaltaev/.m2/repository/org/springframework/spring-core/6.1.3/spring-core-6.1.3.jar:/Users/botirkhaltaev/.m2/repository/org/springframework/spring-jcl/6.1.3/spring-jcl-6.1.3.jar:/Users/botirkhaltaev/.m2/repository/com/nimbusds/oauth2-oidc-sdk/9.43.3/oauth2-oidc-sdk-9.43.3.jar:/Users/botirkhaltaev/.m2/repository/com/github/stephenc/jcip/jcip-annotations/1.0-1/jcip-annotations-1.0-1.jar:/Users/botirkhaltaev/.m2/repository/com/nimbusds/content-type/2.2/content-type-2.2.jar:/Users/botirkhaltaev/.m2/repository/com/nimbusds/lang-tag/1.7/lang-tag-1.7.jar:/Users/botirkhaltaev/.m2/repository/org/springframework/boot/spring-boot-starter-test/3.2.2/spring-boot-starter-test-3.2.2.jar:/Users/botirkhaltaev/.m2/repository/org/springframework/boot/spring-boot-test/3.2.2/spring-boot-test-3.2.2.jar:/Users/botirkhaltaev/.m2/repository/org/springframework/boot/spring-boot-test-autoconfigure/3.2.2/spring-boot-test-autoconfigure-3.2.2.jar:/Users/botirkhaltaev/.m2/repository/com/jayway/jsonpath/json-path/2.8.0/json-path-2.8.0.jar:/Users/botirkhaltaev/.m2/repository/jakarta/xml/bind/jakarta.xml.bind-api/4.0.1/jakarta.xml.bind-api-4.0.1.jar:/Users/botirkhaltaev/.m2/repository/jakarta/activation/jakarta.activation-api/2.1.2/jakarta.activation-api-2.1.2.jar:/Users/botirkhaltaev/.m2/repository/net/minidev/json-smart/2.5.0/json-smart-2.5.0.jar:/Users/botirkhaltaev/.m2/repository/net/minidev/accessors-smart/2.5.0/accessors-smart-2.5.0.jar:/Users/botirkhaltaev/.m2/repository/org/ow2/asm/asm/9.3/asm-9.3.jar:/Users/botirkhaltaev/.m2/repository/org/assertj/assertj-core/3.24.2/assertj-core-3.24.2.jar:/Users/botirkhaltaev/.m2/repository/org/awaitility/awaitility/4.2.0/awaitility-4.2.0.jar:/Users/botirkhaltaev/.m2/repository/org/hamcrest/hamcrest/2.2/hamcrest-2.2.jar:/Users/botirkhaltaev/.m2/repository/org/junit/jupiter/junit-jupiter/5.10.1/junit-jupiter-5.10.1.jar:/Users/botirkhaltaev/.m2/repository/org/junit/jupiter/junit-jupiter-api/5.10.1/junit-jupiter-api-5.10.1.jar:/Users/botirkhaltaev/.m2/repository/org/opentest4j/opentest4j/1.3.0/opentest4j-1.3.0.jar:/Users/botirkhaltaev/.m2/repository/org/junit/platform/junit-platform-commons/1.10.1/junit-platform-commons-1.10.1.jar:/Users/botirkhaltaev/.m2/repository/org/apiguardian/apiguardian-api/1.1.2/apiguardian-api-1.1.2.jar:/Users/botirkhaltaev/.m2/repository/org/junit/jupiter/junit-jupiter-params/5.10.1/junit-jupiter-params-5.10.1.jar:/Users/botirkhaltaev/.m2/repository/org/junit/jupiter/junit-jupiter-engine/5.10.1/junit-jupiter-engine-5.10.1.jar:/Users/botirkhaltaev/.m2/repository/org/junit/platform/junit-platform-engine/1.10.1/junit-platform-engine-1.10.1.jar:/Users/botirkhaltaev/.m2/repository/org/mockito/mockito-core/5.7.0/mockito-core-5.7.0.jar:/Users/botirkhaltaev/.m2/repository/net/bytebuddy/byte-buddy-agent/1.14.11/byte-buddy-agent-1.14.11.jar:/Users/botirkhaltaev/.m2/repository/org/objenesis/objenesis/3.3/objenesis-3.3.jar:/Users/botirkhaltaev/.m2/repository/org/mockito/mockito-junit-jupiter/5.7.0/mockito-junit-jupiter-5.7.0.jar:/Users/botirkhaltaev/.m2/repository/org/skyscreamer/jsonassert/1.5.1/jsonassert-1.5.1.jar:/Users/botirkhaltaev/.m2/repository/com/vaadin/external/google/android-json/0.0.20131108.vaadin1/android-json-0.0.20131108.vaadin1.jar:/Users/botirkhaltaev/.m2/repository/org/springframework/spring-test/6.1.3/spring-test-6.1.3.jar:/Users/botirkhaltaev/.m2/repository/org/xmlunit/xmlunit-core/2.9.1/xmlunit-core-2.9.1.jar:/Users/botirkhaltaev/.m2/repository/org/springframework/security/spring-security-test/6.2.1/spring-security-test-6.2.1.jar:"/>
    <property name="java.vm.vendor" value="Homebrew"/>
    <property name="sun.arch.data.model" value="64"/>
    <property name="java.vendor.url" value="https://github.com/Homebrew/homebrew-core/issues"/>
    <property name="user.timezone" value="Europe/London"/>
    <property name="org.jboss.logging.provider" value="slf4j"/>
    <property name="os.name" value="Mac OS X"/>
    <property name="java.vm.specification.version" value="21"/>
    <property name="sun.java.launcher" value="SUN_STANDARD"/>
    <property name="user.country" value="TH"/>
    <property name="sun.boot.library.path" value="/opt/homebrew/Cellar/openjdk/21.0.1/libexec/openjdk.jdk/Contents/Home/lib"/>
    <property name="sun.java.command" value="/Users/botirkhaltaev/Desktop/travel.io/auth_service/target/surefire/surefirebooter-20240203141338730_3.jar /Users/botirkhaltaev/Desktop/travel.io/auth_service/target/surefire 2024-02-03T14-13-38_692-jvmRun1 surefire-20240203141338730_1tmp surefire_0-20240203141338730_2tmp"/>
    <property name="http.nonProxyHosts" value="local|*.local|169.254/16|*.169.254/16"/>
    <property name="jdk.debug" value="release"/>
    <property name="surefire.test.class.path" value="/Users/botirkhaltaev/Desktop/travel.io/auth_service/target/test-classes:/Users/botirkhaltaev/Desktop/travel.io/auth_service/target/classes:/Users/botirkhaltaev/.m2/repository/org/springframework/boot/spring-boot-starter-web/3.2.2/spring-boot-starter-web-3.2.2.jar:/Users/botirkhaltaev/.m2/repository/org/springframework/boot/spring-boot-starter/3.2.2/spring-boot-starter-3.2.2.jar:/Users/botirkhaltaev/.m2/repository/org/springframework/boot/spring-boot/3.2.2/spring-boot-3.2.2.jar:/Users/botirkhaltaev/.m2/repository/org/springframework/boot/spring-boot-autoconfigure/3.2.2/spring-boot-autoconfigure-3.2.2.jar:/Users/botirkhaltaev/.m2/repository/org/springframework/boot/spring-boot-starter-logging/3.2.2/spring-boot-starter-logging-3.2.2.jar:/Users/botirkhaltaev/.m2/repository/ch/qos/logback/logback-classic/1.4.14/logback-classic-1.4.14.jar:/Users/botirkhaltaev/.m2/repository/ch/qos/logback/logback-core/1.4.14/logback-core-1.4.14.jar:/Users/botirkhaltaev/.m2/repository/org/apache/logging/log4j/log4j-to-slf4j/2.21.1/log4j-to-slf4j-2.21.1.jar:/Users/botirkhaltaev/.m2/repository/org/apache/logging/log4j/log4j-api/2.21.1/log4j-api-2.21.1.jar:/Users/botirkhaltaev/.m2/repository/org/slf4j/jul-to-slf4j/2.0.11/jul-to-slf4j-2.0.11.jar:/Users/botirkhaltaev/.m2/repository/jakarta/annotation/jakarta.annotation-api/2.1.1/jakarta.annotation-api-2.1.1.jar:/Users/botirkhaltaev/.m2/repository/org/yaml/snakeyaml/2.2/snakeyaml-2.2.jar:/Users/botirkhaltaev/.m2/repository/org/springframework/boot/spring-boot-starter-json/3.2.2/spring-boot-starter-json-3.2.2.jar:/Users/botirkhaltaev/.m2/repository/com/fasterxml/jackson/datatype/jackson-datatype-jdk8/2.15.3/jackson-datatype-jdk8-2.15.3.jar:/Users/botirkhaltaev/.m2/repository/com/fasterxml/jackson/datatype/jackson-datatype-jsr310/2.15.3/jackson-datatype-jsr310-2.15.3.jar:/Users/botirkhaltaev/.m2/repository/com/fasterxml/jackson/module/jackson-module-parameter-names/2.15.3/jackson-module-parameter-names-2.15.3.jar:/Users/botirkhaltaev/.m2/repository/org/springframework/boot/spring-boot-starter-tomcat/3.2.2/spring-boot-starter-tomcat-3.2.2.jar:/Users/botirkhaltaev/.m2/repository/org/apache/tomcat/embed/tomcat-embed-core/10.1.18/tomcat-embed-core-10.1.18.jar:/Users/botirkhaltaev/.m2/repository/org/apache/tomcat/embed/tomcat-embed-el/10.1.18/tomcat-embed-el-10.1.18.jar:/Users/botirkhaltaev/.m2/repository/org/apache/tomcat/embed/tomcat-embed-websocket/10.1.18/tomcat-embed-websocket-10.1.18.jar:/Users/botirkhaltaev/.m2/repository/org/springframework/spring-web/6.1.3/spring-web-6.1.3.jar:/Users/botirkhaltaev/.m2/repository/org/springframework/spring-beans/6.1.3/spring-beans-6.1.3.jar:/Users/botirkhaltaev/.m2/repository/io/micrometer/micrometer-observation/1.12.2/micrometer-observation-1.12.2.jar:/Users/botirkhaltaev/.m2/repository/io/micrometer/micrometer-commons/1.12.2/micrometer-commons-1.12.2.jar:/Users/botirkhaltaev/.m2/repository/org/springframework/spring-webmvc/6.1.3/spring-webmvc-6.1.3.jar:/Users/botirkhaltaev/.m2/repository/org/springframework/spring-context/6.1.3/spring-context-6.1.3.jar:/Users/botirkhaltaev/.m2/repository/org/springframework/spring-expression/6.1.3/spring-expression-6.1.3.jar:/Users/botirkhaltaev/.m2/repository/org/springframework/boot/spring-boot-starter-security/3.2.2/spring-boot-starter-security-3.2.2.jar:/Users/botirkhaltaev/.m2/repository/org/springframework/spring-aop/6.1.3/spring-aop-6.1.3.jar:/Users/botirkhaltaev/.m2/repository/org/springframework/security/spring-security-config/6.2.1/spring-security-config-6.2.1.jar:/Users/botirkhaltaev/.m2/repository/org/springframework/security/spring-security-web/6.2.1/spring-security-web-6.2.1.jar:/Users/botirkhaltaev/.m2/repository/org/springframework/boot/spring-boot-starter-oauth2-client/3.2.2/spring-boot-starter-oauth2-client-3.2.2.jar:/Users/botirkhaltaev/.m2/repository/org/springframework/security/spring-security-core/6.2.1/spring-security-core-6.2.1.jar:/Users/botirkhaltaev/.m2/repository/org/springframework/security/spring-security-crypto/6.2.1/spring-security-crypto-6.2.1.jar:/Users/botirkhaltaev/.m2/repository/org/springframework/security/spring-security-oauth2-jose/6.2.1/spring-security-oauth2-jose-6.2.1.jar:/Users/botirkhaltaev/.m2/repository/com/nimbusds/nimbus-jose-jwt/9.24.4/nimbus-jose-jwt-9.24.4.jar:/Users/botirkhaltaev/.m2/repository/org/springframework/boot/spring-boot-starter-oauth2-resource-server/3.2.2/spring-boot-starter-oauth2-resource-server-3.2.2.jar:/Users/botirkhaltaev/.m2/repository/org/springframework/security/spring-security-oauth2-resource-server/6.2.1/spring-security-oauth2-resource-server-6.2.1.jar:/Users/botirkhaltaev/.m2/repository/org/projectlombok/lombok/1.18.30/lombok-1.18.30.jar:/Users/botirkhaltaev/.m2/repository/org/springframework/boot/spring-boot-starter-data-jpa/3.2.2/spring-boot-starter-data-jpa-3.2.2.jar:/Users/botirkhaltaev/.m2/repository/org/springframework/boot/spring-boot-starter-aop/3.2.2/spring-boot-starter-aop-3.2.2.jar:/Users/botirkhaltaev/.m2/repository/org/aspectj/aspectjweaver/1.9.21/aspectjweaver-1.9.21.jar:/Users/botirkhaltaev/.m2/repository/org/springframework/boot/spring-boot-starter-jdbc/3.2.2/spring-boot-starter-jdbc-3.2.2.jar:/Users/botirkhaltaev/.m2/repository/com/zaxxer/HikariCP/5.0.1/HikariCP-5.0.1.jar:/Users/botirkhaltaev/.m2/repository/org/springframework/spring-jdbc/6.1.3/spring-jdbc-6.1.3.jar:/Users/botirkhaltaev/.m2/repository/org/hibernate/orm/hibernate-core/6.4.1.Final/hibernate-core-6.4.1.Final.jar:/Users/botirkhaltaev/.m2/repository/jakarta/persistence/jakarta.persistence-api/3.1.0/jakarta.persistence-api-3.1.0.jar:/Users/botirkhaltaev/.m2/repository/jakarta/transaction/jakarta.transaction-api/2.0.1/jakarta.transaction-api-2.0.1.jar:/Users/botirkhaltaev/.m2/repository/org/jboss/logging/jboss-logging/3.5.3.Final/jboss-logging-3.5.3.Final.jar:/Users/botirkhaltaev/.m2/repository/org/hibernate/common/hibernate-commons-annotations/6.0.6.Final/hibernate-commons-annotations-6.0.6.Final.jar:/Users/botirkhaltaev/.m2/repository/io/smallrye/jandex/3.1.2/jandex-3.1.2.jar:/Users/botirkhaltaev/.m2/repository/com/fasterxml/classmate/1.6.0/classmate-1.6.0.jar:/Users/botirkhaltaev/.m2/repository/net/bytebuddy/byte-buddy/1.14.11/byte-buddy-1.14.11.jar:/Users/botirkhaltaev/.m2/repository/org/glassfish/jaxb/jaxb-runtime/4.0.4/jaxb-runtime-4.0.4.jar:/Users/botirkhaltaev/.m2/repository/org/glassfish/jaxb/jaxb-core/4.0.4/jaxb-core-4.0.4.jar:/Users/botirkhaltaev/.m2/repository/org/eclipse/angus/angus-activation/2.0.1/angus-activation-2.0.1.jar:/Users/botirkhaltaev/.m2/repository/org/glassfish/jaxb/txw2/4.0.4/txw2-4.0.4.jar:/Users/botirkhaltaev/.m2/repository/com/sun/istack/istack-commons-runtime/4.1.2/istack-commons-runtime-4.1.2.jar:/Users/botirkhaltaev/.m2/repository/jakarta/inject/jakarta.inject-api/2.0.1/jakarta.inject-api-2.0.1.jar:/Users/botirkhaltaev/.m2/repository/org/antlr/antlr4-runtime/4.13.0/antlr4-runtime-4.13.0.jar:/Users/botirkhaltaev/.m2/repository/org/springframework/data/spring-data-jpa/3.2.2/spring-data-jpa-3.2.2.jar:/Users/botirkhaltaev/.m2/repository/org/springframework/data/spring-data-commons/3.2.2/spring-data-commons-3.2.2.jar:/Users/botirkhaltaev/.m2/repository/org/springframework/spring-orm/6.1.3/spring-orm-6.1.3.jar:/Users/botirkhaltaev/.m2/repository/org/springframework/spring-tx/6.1.3/spring-tx-6.1.3.jar:/Users/botirkhaltaev/.m2/repository/org/slf4j/slf4j-api/2.0.11/slf4j-api-2.0.11.jar:/Users/botirkhaltaev/.m2/repository/org/springframework/spring-aspects/6.1.3/spring-aspects-6.1.3.jar:/Users/botirkhaltaev/.m2/repository/com/h2database/h2/2.2.224/h2-2.2.224.jar:/Users/botirkhaltaev/.m2/repository/io/jsonwebtoken/jjwt-api/0.11.2/jjwt-api-0.11.2.jar:/Users/botirkhaltaev/.m2/repository/io/jsonwebtoken/jjwt-impl/0.11.2/jjwt-impl-0.11.2.jar:/Users/botirkhaltaev/.m2/repository/io/jsonwebtoken/jjwt-jackson/0.11.2/jjwt-jackson-0.11.2.jar:/Users/botirkhaltaev/.m2/repository/com/fasterxml/jackson/core/jackson-databind/2.15.3/jackson-databind-2.15.3.jar:/Users/botirkhaltaev/.m2/repository/com/fasterxml/jackson/core/jackson-annotations/2.15.3/jackson-annotations-2.15.3.jar:/Users/botirkhaltaev/.m2/repository/com/fasterxml/jackson/core/jackson-core/2.15.3/jackson-core-2.15.3.jar:/Users/botirkhaltaev/.m2/repository/org/springframework/security/spring-security-oauth2-client/6.2.1/spring-security-oauth2-client-6.2.1.jar:/Users/botirkhaltaev/.m2/repository/org/springframework/security/spring-security-oauth2-core/6.2.1/spring-security-oauth2-core-6.2.1.jar:/Users/botirkhaltaev/.m2/repository/org/springframework/spring-core/6.1.3/spring-core-6.1.3.jar:/Users/botirkhaltaev/.m2/repository/org/springframework/spring-jcl/6.1.3/spring-jcl-6.1.3.jar:/Users/botirkhaltaev/.m2/repository/com/nimbusds/oauth2-oidc-sdk/9.43.3/oauth2-oidc-sdk-9.43.3.jar:/Users/botirkhaltaev/.m2/repository/com/github/stephenc/jcip/jcip-annotations/1.0-1/jcip-annotations-1.0-1.jar:/Users/botirkhaltaev/.m2/repository/com/nimbusds/content-type/2.2/content-type-2.2.jar:/Users/botirkhaltaev/.m2/repository/com/nimbusds/lang-tag/1.7/lang-tag-1.7.jar:/Users/botirkhaltaev/.m2/repository/org/springframework/boot/spring-boot-starter-test/3.2.2/spring-boot-starter-test-3.2.2.jar:/Users/botirkhaltaev/.m2/repository/org/springframework/boot/spring-boot-test/3.2.2/spring-boot-test-3.2.2.jar:/Users/botirkhaltaev/.m2/repository/org/springframework/boot/spring-boot-test-autoconfigure/3.2.2/spring-boot-test-autoconfigure-3.2.2.jar:/Users/botirkhaltaev/.m2/repository/com/jayway/jsonpath/json-path/2.8.0/json-path-2.8.0.jar:/Users/botirkhaltaev/.m2/repository/jakarta/xml/bind/jakarta.xml.bind-api/4.0.1/jakarta.xml.bind-api-4.0.1.jar:/Users/botirkhaltaev/.m2/repository/jakarta/activation/jakarta.activation-api/2.1.2/jakarta.activation-api-2.1.2.jar:/Users/botirkhaltaev/.m2/repository/net/minidev/json-smart/2.5.0/json-smart-2.5.0.jar:/Users/botirkhaltaev/.m2/repository/net/minidev/accessors-smart/2.5.0/accessors-smart-2.5.0.jar:/Users/botirkhaltaev/.m2/repository/org/ow2/asm/asm/9.3/asm-9.3.jar:/Users/botirkhaltaev/.m2/repository/org/assertj/assertj-core/3.24.2/assertj-core-3.24.2.jar:/Users/botirkhaltaev/.m2/repository/org/awaitility/awaitility/4.2.0/awaitility-4.2.0.jar:/Users/botirkhaltaev/.m2/repository/org/hamcrest/hamcrest/2.2/hamcrest-2.2.jar:/Users/botirkhaltaev/.m2/repository/org/junit/jupiter/junit-jupiter/5.10.1/junit-jupiter-5.10.1.jar:/Users/botirkhaltaev/.m2/repository/org/junit/jupiter/junit-jupiter-api/5.10.1/junit-jupiter-api-5.10.1.jar:/Users/botirkhaltaev/.m2/repository/org/opentest4j/opentest4j/1.3.0/opentest4j-1.3.0.jar:/Users/botirkhaltaev/.m2/repository/org/junit/platform/junit-platform-commons/1.10.1/junit-platform-commons-1.10.1.jar:/Users/botirkhaltaev/.m2/repository/org/apiguardian/apiguardian-api/1.1.2/apiguardian-api-1.1.2.jar:/Users/botirkhaltaev/.m2/repository/org/junit/jupiter/junit-jupiter-params/5.10.1/junit-jupiter-params-5.10.1.jar:/Users/botirkhaltaev/.m2/repository/org/junit/jupiter/junit-jupiter-engine/5.10.1/junit-jupiter-engine-5.10.1.jar:/Users/botirkhaltaev/.m2/repository/org/junit/platform/junit-platform-engine/1.10.1/junit-platform-engine-1.10.1.jar:/Users/botirkhaltaev/.m2/repository/org/mockito/mockito-core/5.7.0/mockito-core-5.7.0.jar:/Users/botirkhaltaev/.m2/repository/net/bytebuddy/byte-buddy-agent/1.14.11/byte-buddy-agent-1.14.11.jar:/Users/botirkhaltaev/.m2/repository/org/objenesis/objenesis/3.3/objenesis-3.3.jar:/Users/botirkhaltaev/.m2/repository/org/mockito/mockito-junit-jupiter/5.7.0/mockito-junit-jupiter-5.7.0.jar:/Users/botirkhaltaev/.m2/repository/org/skyscreamer/jsonassert/1.5.1/jsonassert-1.5.1.jar:/Users/botirkhaltaev/.m2/repository/com/vaadin/external/google/android-json/0.0.20131108.vaadin1/android-json-0.0.20131108.vaadin1.jar:/Users/botirkhaltaev/.m2/repository/org/springframework/spring-test/6.1.3/spring-test-6.1.3.jar:/Users/botirkhaltaev/.m2/repository/org/xmlunit/xmlunit-core/2.9.1/xmlunit-core-2.9.1.jar:/Users/botirkhaltaev/.m2/repository/org/springframework/security/spring-security-test/6.2.1/spring-security-test-6.2.1.jar:"/>
    <property name="sun.cpu.endian" value="little"/>
    <property name="user.home" value="/Users/botirkhaltaev"/>
    <property name="user.language" value="en"/>
    <property name="java.specification.vendor" value="Oracle Corporation"/>
    <property name="java.version.date" value="2023-10-17"/>
    <property name="java.home" value="/opt/homebrew/Cellar/openjdk/21.0.1/libexec/openjdk.jdk/Contents/Home"/>
    <property name="file.separator" value="/"/>
    <property name="basedir" value="/Users/botirkhaltaev/Desktop/travel.io/auth_service"/>
    <property name="java.vm.compressedOopsMode" value="Zero based"/>
    <property name="line.separator" value="&#10;"/>
    <property name="java.vm.specification.vendor" value="Oracle Corporation"/>
    <property name="java.specification.name" value="Java Platform API Specification"/>
    <property name="FILE_LOG_CHARSET" value="UTF-8"/>
    <property name="java.awt.headless" value="true"/>
    <property name="apple.awt.application.name" value="ForkedBooter"/>
    <property name="surefire.real.class.path" value="/Users/botirkhaltaev/Desktop/travel.io/auth_service/target/surefire/surefirebooter-20240203141338730_3.jar"/>
    <property name="sun.management.compiler" value="HotSpot 64-Bit Tiered Compilers"/>
    <property name="ftp.nonProxyHosts" value="local|*.local|169.254/16|*.169.254/16"/>
    <property name="java.runtime.version" value="21.0.1"/>
    <property name="user.name" value="botirkhaltaev"/>
    <property name="stdout.encoding" value="UTF-8"/>
    <property name="path.separator" value=":"/>
    <property name="os.version" value="14.1.2"/>
    <property name="java.runtime.name" value="OpenJDK Runtime Environment"/>
    <property name="file.encoding" value="UTF-8"/>
    <property name="java.vm.name" value="OpenJDK 64-Bit Server VM"/>
    <property name="java.vendor.version" value="Homebrew"/>
    <property name="localRepository" value="/Users/botirkhaltaev/.m2/repository"/>
    <property name="java.vendor.url.bug" value="https://github.com/Homebrew/homebrew-core/issues"/>
    <property name="java.io.tmpdir" value="/var/folders/mq/76nv_b4x5td3_3944cqw88hc0000gn/T/"/>
    <property name="com.zaxxer.hikari.pool_number" value="1"/>
    <property name="java.version" value="21.0.1"/>
    <property name="user.dir" value="/Users/botirkhaltaev/Desktop/travel.io/auth_service"/>
    <property name="os.arch" value="aarch64"/>
    <property name="java.vm.specification.name" value="Java Virtual Machine Specification"/>
    <property name="PID" value="42582"/>
    <property name="CONSOLE_LOG_CHARSET" value="UTF-8"/>
    <property name="native.encoding" value="UTF-8"/>
    <property name="java.library.path" value="/Users/botirkhaltaev/Library/Java/Extensions:/Library/Java/Extensions:/Network/Library/Java/Extensions:/System/Library/Java/Extensions:/usr/lib/java:."/>
    <property name="java.vm.info" value="mixed mode, sharing"/>
    <property name="stderr.encoding" value="UTF-8"/>
    <property name="java.vendor" value="Homebrew"/>
    <property name="java.vm.version" value="21.0.1"/>
    <property name="sun.io.unicode.encoding" value="UnicodeBig"/>
    <property name="socksNonProxyHosts" value="local|*.local|169.254/16|*.169.254/16"/>
    <property name="java.class.version" value="65.0"/>
  </properties>
  <testcase name="testGetUserNotFound" classname="authservice.authservice.controller.UserControllerTest" time="0.06">
    <system-out><![CDATA[14:13:39.122 [main] INFO org.springframework.test.context.support.AnnotationConfigContextLoaderUtils -- Could not detect default configuration classes for test class [authservice.authservice.controller.UserControllerTest]: UserControllerTest does not declare any static, non-private, non-final, nested classes annotated with @Configuration.
14:13:39.175 [main] INFO org.springframework.boot.test.context.SpringBootTestContextBootstrapper -- Found @SpringBootConfiguration authservice.authservice.AuthServiceApplication for test class authservice.authservice.controller.UserControllerTest

  .   ____          _            __ _ _
 /\\ / ___'_ __ _ _(_)_ __  __ _ \ \ \ \
( ( )\___ | '_ | '_| | '_ \/ _` | \ \ \ \
 \\/  ___)| |_)| | | | | || (_| |  ) ) ) )
  '  |____| .__|_| |_|_| |_\__, | / / / /
 =========|_|==============|___/=/_/_/_/
 :: Spring Boot ::                (v3.2.2)

2024-02-03T14:13:39.336Z  INFO 42582 --- [           main] a.a.controller.UserControllerTest        : Starting UserControllerTest using Java 21.0.1 with PID 42582 (started by botirkhaltaev in /Users/botirkhaltaev/Desktop/travel.io/auth_service)
2024-02-03T14:13:39.336Z  INFO 42582 --- [           main] a.a.controller.UserControllerTest        : No active profile set, falling back to 1 default profile: "default"
2024-02-03T14:13:39.612Z  INFO 42582 --- [           main] .s.d.r.c.RepositoryConfigurationDelegate : Bootstrapping Spring Data JPA repositories in DEFAULT mode.
2024-02-03T14:13:39.633Z  INFO 42582 --- [           main] .s.d.r.c.RepositoryConfigurationDelegate : Finished Spring Data repository scanning in 18 ms. Found 1 JPA repository interface.
2024-02-03T14:13:40.352Z  INFO 42582 --- [           main] com.zaxxer.hikari.HikariDataSource       : HikariPool-1 - Starting...
2024-02-03T14:13:40.433Z  INFO 42582 --- [           main] com.zaxxer.hikari.pool.HikariPool        : HikariPool-1 - Added connection conn0: url=jdbc:h2:mem:testdb user=SA
2024-02-03T14:13:40.433Z  INFO 42582 --- [           main] com.zaxxer.hikari.HikariDataSource       : HikariPool-1 - Start completed.
2024-02-03T14:13:40.460Z  INFO 42582 --- [           main] o.hibernate.jpa.internal.util.LogHelper  : HHH000204: Processing PersistenceUnitInfo [name: default]
2024-02-03T14:13:40.489Z  INFO 42582 --- [           main] org.hibernate.Version                    : HHH000412: Hibernate ORM core version 6.4.1.Final
2024-02-03T14:13:40.508Z  INFO 42582 --- [           main] o.h.c.internal.RegionFactoryInitiator    : HHH000026: Second-level cache disabled
2024-02-03T14:13:40.562Z  INFO 42582 --- [           main] o.s.o.j.p.SpringPersistenceUnitInfo      : No LoadTimeWeaver setup: ignoring JPA class transformer
2024-02-03T14:13:40.583Z  WARN 42582 --- [           main] org.hibernate.orm.deprecation            : HHH90000025: H2Dialect does not need to be specified explicitly using 'hibernate.dialect' (remove the property setting and it will be selected by default)
2024-02-03T14:13:40.879Z  INFO 42582 --- [           main] o.h.e.t.j.p.i.JtaPlatformInitiator       : HHH000489: No JTA platform available (set 'hibernate.transaction.jta.platform' to enable JTA platform integration)
2024-02-03T14:13:40.895Z  INFO 42582 --- [           main] j.LocalContainerEntityManagerFactoryBean : Initialized JPA EntityManagerFactory for persistence unit 'default'
2024-02-03T14:13:41.116Z  WARN 42582 --- [           main] JpaBaseConfiguration$JpaWebConfiguration : spring.jpa.open-in-view is enabled by default. Therefore, database queries may be performed during view rendering. Explicitly configure spring.jpa.open-in-view to disable this warning
2024-02-03T14:13:41.124Z TRACE 42582 --- [           main] eGlobalAuthenticationAutowiredConfigurer : Eagerly initializing {OAuthSecurityConfig=authservice.authservice.config.OAuthSecurityConfig$$SpringCGLIB$$0@3cb376a3}
2024-02-03T14:13:41.290Z  INFO 42582 --- [           main] o.s.s.web.DefaultSecurityFilterChain     : Will secure any request with [org.springframework.security.web.session.DisableEncodeUrlFilter@25cef4b3, org.springframework.security.web.context.request.async.WebAsyncManagerIntegrationFilter@5e783f78, org.springframework.security.web.context.SecurityContextHolderFilter@48dc06a9, org.springframework.security.web.header.HeaderWriterFilter@6b8683b8, org.springframework.web.filter.CorsFilter@5bdef8ee, org.springframework.security.web.authentication.logout.LogoutFilter@10545d02, org.springframework.security.oauth2.client.web.OAuth2AuthorizationRequestRedirectFilter@599fab92, org.springframework.security.oauth2.client.web.OAuth2LoginAuthenticationFilter@535adf36, org.springframework.security.web.savedrequest.RequestCacheAwareFilter@726ee6cf, org.springframework.security.web.servletapi.SecurityContextHolderAwareRequestFilter@4a83d61c, org.springframework.security.web.authentication.AnonymousAuthenticationFilter@345d4ecb, org.springframework.security.web.access.ExceptionTranslationFilter@71eead09, org.springframework.security.web.access.intercept.AuthorizationFilter@6137dc84]
2024-02-03T14:13:41.472Z  INFO 42582 --- [           main] o.s.b.t.m.w.SpringBootMockServletContext : Initializing Spring TestDispatcherServlet ''
2024-02-03T14:13:41.473Z  INFO 42582 --- [           main] o.s.t.web.servlet.TestDispatcherServlet  : Initializing Servlet ''
2024-02-03T14:13:41.473Z  INFO 42582 --- [           main] o.s.t.web.servlet.TestDispatcherServlet  : Completed initialization in 0 ms
2024-02-03T14:13:41.484Z  INFO 42582 --- [           main] a.a.controller.UserControllerTest        : Started UserControllerTest in 2.25 seconds (process running for 2.71)
2024-02-03T14:13:41.510Z TRACE 42582 --- [           main] w.c.HttpSessionSecurityContextRepository : No HttpSession currently exists
2024-02-03T14:13:41.510Z TRACE 42582 --- [           main] w.c.HttpSessionSecurityContextRepository : Created SecurityContextImpl [Null authentication]
2024-02-03T14:13:41.511Z TRACE 42582 --- [           main] .s.s.w.c.SupplierDeferredSecurityContext : Created SecurityContextImpl [Null authentication]
2024-02-03T14:13:41.512Z DEBUG 42582 --- [           main] w.c.HttpSessionSecurityContextRepository : Created HttpSession as SecurityContext is non-default
2024-02-03T14:13:41.512Z DEBUG 42582 --- [           main] w.c.HttpSessionSecurityContextRepository : Stored SecurityContextImpl [Authentication=UsernamePasswordAuthenticationToken [Principal=org.springframework.security.core.userdetails.User [Username=testUser, Password=[PROTECTED], Enabled=true, AccountNonExpired=true, CredentialsNonExpired=true, AccountNonLocked=true, Granted Authorities=[ROLE_USER]], Credentials=[PROTECTED], Authenticated=true, Details=null, Granted Authorities=[ROLE_USER]]] to HttpSession [org.springframework.mock.web.MockHttpSession@505bc480]
2024-02-03T14:13:41.516Z TRACE 42582 --- [           main] o.s.security.web.FilterChainProxy        : Trying to match request against DefaultSecurityFilterChain [RequestMatcher=any request, Filters=[org.springframework.security.web.session.DisableEncodeUrlFilter@25cef4b3, org.springframework.security.web.context.request.async.WebAsyncManagerIntegrationFilter@5e783f78, org.springframework.security.web.context.SecurityContextHolderFilter@48dc06a9, org.springframework.security.web.header.HeaderWriterFilter@6b8683b8, org.springframework.web.filter.CorsFilter@5bdef8ee, org.springframework.security.web.authentication.logout.LogoutFilter@10545d02, org.springframework.security.oauth2.client.web.OAuth2AuthorizationRequestRedirectFilter@599fab92, org.springframework.security.oauth2.client.web.OAuth2LoginAuthenticationFilter@535adf36, org.springframework.security.web.savedrequest.RequestCacheAwareFilter@726ee6cf, org.springframework.security.web.servletapi.SecurityContextHolderAwareRequestFilter@4a83d61c, org.springframework.security.web.authentication.AnonymousAuthenticationFilter@345d4ecb, org.springframework.security.web.access.ExceptionTranslationFilter@71eead09, org.springframework.security.web.access.intercept.AuthorizationFilter@6137dc84]] (1/1)
2024-02-03T14:13:41.516Z DEBUG 42582 --- [           main] o.s.security.web.FilterChainProxy        : Securing GET /users/username
2024-02-03T14:13:41.517Z TRACE 42582 --- [           main] o.s.security.web.FilterChainProxy        : Invoking DisableEncodeUrlFilter (1/13)
2024-02-03T14:13:41.517Z TRACE 42582 --- [           main] o.s.security.web.FilterChainProxy        : Invoking WebAsyncManagerIntegrationFilter (2/13)
2024-02-03T14:13:41.517Z TRACE 42582 --- [           main] o.s.security.web.FilterChainProxy        : Invoking SecurityContextHolderFilter (3/13)
2024-02-03T14:13:41.518Z TRACE 42582 --- [           main] o.s.security.web.FilterChainProxy        : Invoking HeaderWriterFilter (4/13)
2024-02-03T14:13:41.518Z TRACE 42582 --- [           main] o.s.security.web.FilterChainProxy        : Invoking CorsFilter (5/13)
2024-02-03T14:13:41.518Z TRACE 42582 --- [           main] o.s.security.web.FilterChainProxy        : Invoking LogoutFilter (6/13)
2024-02-03T14:13:41.518Z TRACE 42582 --- [           main] o.s.s.w.a.logout.LogoutFilter            : Did not match request to Or [Ant [pattern='/logout', GET], Ant [pattern='/logout', POST], Ant [pattern='/logout', PUT], Ant [pattern='/logout', DELETE]]
2024-02-03T14:13:41.518Z TRACE 42582 --- [           main] o.s.security.web.FilterChainProxy        : Invoking OAuth2AuthorizationRequestRedirectFilter (7/13)
2024-02-03T14:13:41.518Z TRACE 42582 --- [           main] o.s.security.web.FilterChainProxy        : Invoking OAuth2LoginAuthenticationFilter (8/13)
2024-02-03T14:13:41.518Z TRACE 42582 --- [           main] .s.o.c.w.OAuth2LoginAuthenticationFilter : Did not match request to Ant [pattern='/login/oauth2/code/*']
2024-02-03T14:13:41.518Z TRACE 42582 --- [           main] o.s.security.web.FilterChainProxy        : Invoking RequestCacheAwareFilter (9/13)
2024-02-03T14:13:41.519Z TRACE 42582 --- [           main] o.s.s.w.s.HttpSessionRequestCache        : matchingRequestParameterName is required for getMatchingRequest to lookup a value, but not provided
2024-02-03T14:13:41.519Z TRACE 42582 --- [           main] o.s.security.web.FilterChainProxy        : Invoking SecurityContextHolderAwareRequestFilter (10/13)
2024-02-03T14:13:41.519Z TRACE 42582 --- [           main] o.s.security.web.FilterChainProxy        : Invoking AnonymousAuthenticationFilter (11/13)
2024-02-03T14:13:41.520Z TRACE 42582 --- [           main] o.s.security.web.FilterChainProxy        : Invoking ExceptionTranslationFilter (12/13)
2024-02-03T14:13:41.520Z TRACE 42582 --- [           main] o.s.security.web.FilterChainProxy        : Invoking AuthorizationFilter (13/13)
2024-02-03T14:13:41.520Z TRACE 42582 --- [           main] estMatcherDelegatingAuthorizationManager : Authorizing SecurityContextHolderAwareRequestWrapper[ org.springframework.security.web.header.HeaderWriterFilter$HeaderWriterRequest@aeb8ee2]
2024-02-03T14:13:41.520Z TRACE 42582 --- [           main] estMatcherDelegatingAuthorizationManager : Checking authorization on SecurityContextHolderAwareRequestWrapper[ org.springframework.security.web.header.HeaderWriterFilter$HeaderWriterRequest@aeb8ee2] using org.springframework.security.authorization.AuthenticatedAuthorizationManager@320ca97c
2024-02-03T14:13:41.520Z TRACE 42582 --- [           main] w.c.HttpSessionSecurityContextRepository : Retrieved SecurityContextImpl [Authentication=UsernamePasswordAuthenticationToken [Principal=org.springframework.security.core.userdetails.User [Username=testUser, Password=[PROTECTED], Enabled=true, AccountNonExpired=true, CredentialsNonExpired=true, AccountNonLocked=true, Granted Authorities=[ROLE_USER]], Credentials=[PROTECTED], Authenticated=true, Details=null, Granted Authorities=[ROLE_USER]]] from SPRING_SECURITY_CONTEXT
2024-02-03T14:13:41.520Z TRACE 42582 --- [           main] o.s.s.w.a.AnonymousAuthenticationFilter  : Did not set SecurityContextHolder since already authenticated UsernamePasswordAuthenticationToken [Principal=org.springframework.security.core.userdetails.User [Username=testUser, Password=[PROTECTED], Enabled=true, AccountNonExpired=true, CredentialsNonExpired=true, AccountNonLocked=true, Granted Authorities=[ROLE_USER]], Credentials=[PROTECTED], Authenticated=true, Details=null, Granted Authorities=[ROLE_USER]]
2024-02-03T14:13:41.520Z DEBUG 42582 --- [           main] o.s.security.web.FilterChainProxy        : Secured GET /users/username
2024-02-03T14:13:41.547Z TRACE 42582 --- [           main] o.s.s.w.header.writers.HstsHeaderWriter  : Not injecting HSTS header since it did not match request to [Is Secure]
]]></system-out>
    <system-err><![CDATA[WARNING: A Java agent has been loaded dynamically (/Users/botirkhaltaev/.m2/repository/net/bytebuddy/byte-buddy-agent/1.14.11/byte-buddy-agent-1.14.11.jar)
WARNING: If a serviceability tool is in use, please run with -XX:+EnableDynamicAgentLoading to hide this warning
WARNING: If a serviceability tool is not in use, please run with -Djdk.instrument.traceUsage for more information
WARNING: Dynamic loading of agents will be disallowed by default in a future release
]]></system-err>
  </testcase>
  <testcase name="testLoginUserUnauthorized" classname="authservice.authservice.controller.UserControllerTest" time="0.029">
    <system-out><![CDATA[2024-02-03T14:13:41.562Z TRACE 42582 --- [           main] w.c.HttpSessionSecurityContextRepository : No HttpSession currently exists
2024-02-03T14:13:41.562Z TRACE 42582 --- [           main] w.c.HttpSessionSecurityContextRepository : Created SecurityContextImpl [Null authentication]
2024-02-03T14:13:41.562Z TRACE 42582 --- [           main] .s.s.w.c.SupplierDeferredSecurityContext : Created SecurityContextImpl [Null authentication]
2024-02-03T14:13:41.562Z DEBUG 42582 --- [           main] w.c.HttpSessionSecurityContextRepository : Created HttpSession as SecurityContext is non-default
2024-02-03T14:13:41.562Z DEBUG 42582 --- [           main] w.c.HttpSessionSecurityContextRepository : Stored SecurityContextImpl [Authentication=UsernamePasswordAuthenticationToken [Principal=org.springframework.security.core.userdetails.User [Username=testUser, Password=[PROTECTED], Enabled=true, AccountNonExpired=true, CredentialsNonExpired=true, AccountNonLocked=true, Granted Authorities=[ROLE_USER]], Credentials=[PROTECTED], Authenticated=true, Details=null, Granted Authorities=[ROLE_USER]]] to HttpSession [org.springframework.mock.web.MockHttpSession@c1bcea1]
2024-02-03T14:13:41.563Z TRACE 42582 --- [           main] o.s.security.web.FilterChainProxy        : Trying to match request against DefaultSecurityFilterChain [RequestMatcher=any request, Filters=[org.springframework.security.web.session.DisableEncodeUrlFilter@25cef4b3, org.springframework.security.web.context.request.async.WebAsyncManagerIntegrationFilter@5e783f78, org.springframework.security.web.context.SecurityContextHolderFilter@48dc06a9, org.springframework.security.web.header.HeaderWriterFilter@6b8683b8, org.springframework.web.filter.CorsFilter@5bdef8ee, org.springframework.security.web.authentication.logout.LogoutFilter@10545d02, org.springframework.security.oauth2.client.web.OAuth2AuthorizationRequestRedirectFilter@599fab92, org.springframework.security.oauth2.client.web.OAuth2LoginAuthenticationFilter@535adf36, org.springframework.security.web.savedrequest.RequestCacheAwareFilter@726ee6cf, org.springframework.security.web.servletapi.SecurityContextHolderAwareRequestFilter@4a83d61c, org.springframework.security.web.authentication.AnonymousAuthenticationFilter@345d4ecb, org.springframework.security.web.access.ExceptionTranslationFilter@71eead09, org.springframework.security.web.access.intercept.AuthorizationFilter@6137dc84]] (1/1)
2024-02-03T14:13:41.563Z DEBUG 42582 --- [           main] o.s.security.web.FilterChainProxy        : Securing POST /users/login
2024-02-03T14:13:41.563Z TRACE 42582 --- [           main] o.s.security.web.FilterChainProxy        : Invoking DisableEncodeUrlFilter (1/13)
2024-02-03T14:13:41.563Z TRACE 42582 --- [           main] o.s.security.web.FilterChainProxy        : Invoking WebAsyncManagerIntegrationFilter (2/13)
2024-02-03T14:13:41.563Z TRACE 42582 --- [           main] o.s.security.web.FilterChainProxy        : Invoking SecurityContextHolderFilter (3/13)
2024-02-03T14:13:41.563Z TRACE 42582 --- [           main] o.s.security.web.FilterChainProxy        : Invoking HeaderWriterFilter (4/13)
2024-02-03T14:13:41.563Z TRACE 42582 --- [           main] o.s.security.web.FilterChainProxy        : Invoking CorsFilter (5/13)
2024-02-03T14:13:41.563Z TRACE 42582 --- [           main] o.s.security.web.FilterChainProxy        : Invoking LogoutFilter (6/13)
2024-02-03T14:13:41.563Z TRACE 42582 --- [           main] o.s.s.w.a.logout.LogoutFilter            : Did not match request to Or [Ant [pattern='/logout', GET], Ant [pattern='/logout', POST], Ant [pattern='/logout', PUT], Ant [pattern='/logout', DELETE]]
2024-02-03T14:13:41.563Z TRACE 42582 --- [           main] o.s.security.web.FilterChainProxy        : Invoking OAuth2AuthorizationRequestRedirectFilter (7/13)
2024-02-03T14:13:41.563Z TRACE 42582 --- [           main] o.s.security.web.FilterChainProxy        : Invoking OAuth2LoginAuthenticationFilter (8/13)
2024-02-03T14:13:41.563Z TRACE 42582 --- [           main] .s.o.c.w.OAuth2LoginAuthenticationFilter : Did not match request to Ant [pattern='/login/oauth2/code/*']
2024-02-03T14:13:41.563Z TRACE 42582 --- [           main] o.s.security.web.FilterChainProxy        : Invoking RequestCacheAwareFilter (9/13)
2024-02-03T14:13:41.563Z TRACE 42582 --- [           main] o.s.s.w.s.HttpSessionRequestCache        : matchingRequestParameterName is required for getMatchingRequest to lookup a value, but not provided
2024-02-03T14:13:41.563Z TRACE 42582 --- [           main] o.s.security.web.FilterChainProxy        : Invoking SecurityContextHolderAwareRequestFilter (10/13)
2024-02-03T14:13:41.563Z TRACE 42582 --- [           main] o.s.security.web.FilterChainProxy        : Invoking AnonymousAuthenticationFilter (11/13)
2024-02-03T14:13:41.563Z TRACE 42582 --- [           main] o.s.security.web.FilterChainProxy        : Invoking ExceptionTranslationFilter (12/13)
2024-02-03T14:13:41.563Z TRACE 42582 --- [           main] o.s.security.web.FilterChainProxy        : Invoking AuthorizationFilter (13/13)
2024-02-03T14:13:41.563Z TRACE 42582 --- [           main] estMatcherDelegatingAuthorizationManager : Authorizing SecurityContextHolderAwareRequestWrapper[ org.springframework.security.web.header.HeaderWriterFilter$HeaderWriterRequest@7bbab46e]
2024-02-03T14:13:41.564Z TRACE 42582 --- [           main] estMatcherDelegatingAuthorizationManager : Checking authorization on SecurityContextHolderAwareRequestWrapper[ org.springframework.security.web.header.HeaderWriterFilter$HeaderWriterRequest@7bbab46e] using org.springframework.security.config.annotation.web.configurers.AuthorizeHttpRequestsConfigurer$$Lambda/0x0000007001922fc0@4beec7a1
2024-02-03T14:13:41.564Z DEBUG 42582 --- [           main] o.s.security.web.FilterChainProxy        : Secured POST /users/login
2024-02-03T14:13:41.582Z TRACE 42582 --- [           main] w.c.HttpSessionSecurityContextRepository : Retrieved SecurityContextImpl [Authentication=UsernamePasswordAuthenticationToken [Principal=org.springframework.security.core.userdetails.User [Username=testUser, Password=[PROTECTED], Enabled=true, AccountNonExpired=true, CredentialsNonExpired=true, AccountNonLocked=true, Granted Authorities=[ROLE_USER]], Credentials=[PROTECTED], Authenticated=true, Details=null, Granted Authorities=[ROLE_USER]]] from SPRING_SECURITY_CONTEXT
2024-02-03T14:13:41.582Z TRACE 42582 --- [           main] o.s.s.w.a.AnonymousAuthenticationFilter  : Did not set SecurityContextHolder since already authenticated UsernamePasswordAuthenticationToken [Principal=org.springframework.security.core.userdetails.User [Username=testUser, Password=[PROTECTED], Enabled=true, AccountNonExpired=true, CredentialsNonExpired=true, AccountNonLocked=true, Granted Authorities=[ROLE_USER]], Credentials=[PROTECTED], Authenticated=true, Details=null, Granted Authorities=[ROLE_USER]]
2024-02-03T14:13:41.582Z TRACE 42582 --- [           main] o.s.s.w.header.writers.HstsHeaderWriter  : Not injecting HSTS header since it did not match request to [Is Secure]
]]></system-out>
  </testcase>
  <testcase name="testLoginUser" classname="authservice.authservice.controller.UserControllerTest" time="0.007">
    <system-out><![CDATA[2024-02-03T14:13:41.586Z TRACE 42582 --- [           main] w.c.HttpSessionSecurityContextRepository : No HttpSession currently exists
2024-02-03T14:13:41.586Z TRACE 42582 --- [           main] w.c.HttpSessionSecurityContextRepository : Created SecurityContextImpl [Null authentication]
2024-02-03T14:13:41.586Z TRACE 42582 --- [           main] .s.s.w.c.SupplierDeferredSecurityContext : Created SecurityContextImpl [Null authentication]
2024-02-03T14:13:41.586Z DEBUG 42582 --- [           main] w.c.HttpSessionSecurityContextRepository : Created HttpSession as SecurityContext is non-default
2024-02-03T14:13:41.586Z DEBUG 42582 --- [           main] w.c.HttpSessionSecurityContextRepository : Stored SecurityContextImpl [Authentication=UsernamePasswordAuthenticationToken [Principal=org.springframework.security.core.userdetails.User [Username=testUser, Password=[PROTECTED], Enabled=true, AccountNonExpired=true, CredentialsNonExpired=true, AccountNonLocked=true, Granted Authorities=[ROLE_USER]], Credentials=[PROTECTED], Authenticated=true, Details=null, Granted Authorities=[ROLE_USER]]] to HttpSession [org.springframework.mock.web.MockHttpSession@296a350]
2024-02-03T14:13:41.587Z TRACE 42582 --- [           main] o.s.security.web.FilterChainProxy        : Trying to match request against DefaultSecurityFilterChain [RequestMatcher=any request, Filters=[org.springframework.security.web.session.DisableEncodeUrlFilter@25cef4b3, org.springframework.security.web.context.request.async.WebAsyncManagerIntegrationFilter@5e783f78, org.springframework.security.web.context.SecurityContextHolderFilter@48dc06a9, org.springframework.security.web.header.HeaderWriterFilter@6b8683b8, org.springframework.web.filter.CorsFilter@5bdef8ee, org.springframework.security.web.authentication.logout.LogoutFilter@10545d02, org.springframework.security.oauth2.client.web.OAuth2AuthorizationRequestRedirectFilter@599fab92, org.springframework.security.oauth2.client.web.OAuth2LoginAuthenticationFilter@535adf36, org.springframework.security.web.savedrequest.RequestCacheAwareFilter@726ee6cf, org.springframework.security.web.servletapi.SecurityContextHolderAwareRequestFilter@4a83d61c, org.springframework.security.web.authentication.AnonymousAuthenticationFilter@345d4ecb, org.springframework.security.web.access.ExceptionTranslationFilter@71eead09, org.springframework.security.web.access.intercept.AuthorizationFilter@6137dc84]] (1/1)
2024-02-03T14:13:41.587Z DEBUG 42582 --- [           main] o.s.security.web.FilterChainProxy        : Securing POST /users/login
2024-02-03T14:13:41.587Z TRACE 42582 --- [           main] o.s.security.web.FilterChainProxy        : Invoking DisableEncodeUrlFilter (1/13)
2024-02-03T14:13:41.587Z TRACE 42582 --- [           main] o.s.security.web.FilterChainProxy        : Invoking WebAsyncManagerIntegrationFilter (2/13)
2024-02-03T14:13:41.587Z TRACE 42582 --- [           main] o.s.security.web.FilterChainProxy        : Invoking SecurityContextHolderFilter (3/13)
2024-02-03T14:13:41.587Z TRACE 42582 --- [           main] o.s.security.web.FilterChainProxy        : Invoking HeaderWriterFilter (4/13)
2024-02-03T14:13:41.587Z TRACE 42582 --- [           main] o.s.security.web.FilterChainProxy        : Invoking CorsFilter (5/13)
2024-02-03T14:13:41.587Z TRACE 42582 --- [           main] o.s.security.web.FilterChainProxy        : Invoking LogoutFilter (6/13)
2024-02-03T14:13:41.587Z TRACE 42582 --- [           main] o.s.s.w.a.logout.LogoutFilter            : Did not match request to Or [Ant [pattern='/logout', GET], Ant [pattern='/logout', POST], Ant [pattern='/logout', PUT], Ant [pattern='/logout', DELETE]]
2024-02-03T14:13:41.587Z TRACE 42582 --- [           main] o.s.security.web.FilterChainProxy        : Invoking OAuth2AuthorizationRequestRedirectFilter (7/13)
2024-02-03T14:13:41.587Z TRACE 42582 --- [           main] o.s.security.web.FilterChainProxy        : Invoking OAuth2LoginAuthenticationFilter (8/13)
2024-02-03T14:13:41.587Z TRACE 42582 --- [           main] .s.o.c.w.OAuth2LoginAuthenticationFilter : Did not match request to Ant [pattern='/login/oauth2/code/*']
2024-02-03T14:13:41.587Z TRACE 42582 --- [           main] o.s.security.web.FilterChainProxy        : Invoking RequestCacheAwareFilter (9/13)
2024-02-03T14:13:41.587Z TRACE 42582 --- [           main] o.s.s.w.s.HttpSessionRequestCache        : matchingRequestParameterName is required for getMatchingRequest to lookup a value, but not provided
2024-02-03T14:13:41.587Z TRACE 42582 --- [           main] o.s.security.web.FilterChainProxy        : Invoking SecurityContextHolderAwareRequestFilter (10/13)
2024-02-03T14:13:41.587Z TRACE 42582 --- [           main] o.s.security.web.FilterChainProxy        : Invoking AnonymousAuthenticationFilter (11/13)
2024-02-03T14:13:41.587Z TRACE 42582 --- [           main] o.s.security.web.FilterChainProxy        : Invoking ExceptionTranslationFilter (12/13)
2024-02-03T14:13:41.587Z TRACE 42582 --- [           main] o.s.security.web.FilterChainProxy        : Invoking AuthorizationFilter (13/13)
2024-02-03T14:13:41.587Z TRACE 42582 --- [           main] estMatcherDelegatingAuthorizationManager : Authorizing SecurityContextHolderAwareRequestWrapper[ org.springframework.security.web.header.HeaderWriterFilter$HeaderWriterRequest@4f3a8e3e]
2024-02-03T14:13:41.587Z TRACE 42582 --- [           main] estMatcherDelegatingAuthorizationManager : Checking authorization on SecurityContextHolderAwareRequestWrapper[ org.springframework.security.web.header.HeaderWriterFilter$HeaderWriterRequest@4f3a8e3e] using org.springframework.security.config.annotation.web.configurers.AuthorizeHttpRequestsConfigurer$$Lambda/0x0000007001922fc0@4beec7a1
2024-02-03T14:13:41.587Z DEBUG 42582 --- [           main] o.s.security.web.FilterChainProxy        : Secured POST /users/login
2024-02-03T14:13:41.589Z TRACE 42582 --- [           main] w.c.HttpSessionSecurityContextRepository : Retrieved SecurityContextImpl [Authentication=UsernamePasswordAuthenticationToken [Principal=org.springframework.security.core.userdetails.User [Username=testUser, Password=[PROTECTED], Enabled=true, AccountNonExpired=true, CredentialsNonExpired=true, AccountNonLocked=true, Granted Authorities=[ROLE_USER]], Credentials=[PROTECTED], Authenticated=true, Details=null, Granted Authorities=[ROLE_USER]]] from SPRING_SECURITY_CONTEXT
2024-02-03T14:13:41.589Z TRACE 42582 --- [           main] o.s.s.w.a.AnonymousAuthenticationFilter  : Did not set SecurityContextHolder since already authenticated UsernamePasswordAuthenticationToken [Principal=org.springframework.security.core.userdetails.User [Username=testUser, Password=[PROTECTED], Enabled=true, AccountNonExpired=true, CredentialsNonExpired=true, AccountNonLocked=true, Granted Authorities=[ROLE_USER]], Credentials=[PROTECTED], Authenticated=true, Details=null, Granted Authorities=[ROLE_USER]]
2024-02-03T14:13:41.589Z TRACE 42582 --- [           main] o.s.s.w.header.writers.HstsHeaderWriter  : Not injecting HSTS header since it did not match request to [Is Secure]
]]></system-out>
  </testcase>
  <testcase name="testRegisterUser" classname="authservice.authservice.controller.UserControllerTest" time="0.012">
    <system-out><![CDATA[2024-02-03T14:13:41.594Z TRACE 42582 --- [           main] w.c.HttpSessionSecurityContextRepository : No HttpSession currently exists
2024-02-03T14:13:41.594Z TRACE 42582 --- [           main] w.c.HttpSessionSecurityContextRepository : Created SecurityContextImpl [Null authentication]
2024-02-03T14:13:41.594Z TRACE 42582 --- [           main] .s.s.w.c.SupplierDeferredSecurityContext : Created SecurityContextImpl [Null authentication]
2024-02-03T14:13:41.594Z DEBUG 42582 --- [           main] w.c.HttpSessionSecurityContextRepository : Created HttpSession as SecurityContext is non-default
2024-02-03T14:13:41.594Z DEBUG 42582 --- [           main] w.c.HttpSessionSecurityContextRepository : Stored SecurityContextImpl [Authentication=UsernamePasswordAuthenticationToken [Principal=org.springframework.security.core.userdetails.User [Username=testUser, Password=[PROTECTED], Enabled=true, AccountNonExpired=true, CredentialsNonExpired=true, AccountNonLocked=true, Granted Authorities=[ROLE_USER]], Credentials=[PROTECTED], Authenticated=true, Details=null, Granted Authorities=[ROLE_USER]]] to HttpSession [org.springframework.mock.web.MockHttpSession@2812368]
2024-02-03T14:13:41.594Z TRACE 42582 --- [           main] o.s.security.web.FilterChainProxy        : Trying to match request against DefaultSecurityFilterChain [RequestMatcher=any request, Filters=[org.springframework.security.web.session.DisableEncodeUrlFilter@25cef4b3, org.springframework.security.web.context.request.async.WebAsyncManagerIntegrationFilter@5e783f78, org.springframework.security.web.context.SecurityContextHolderFilter@48dc06a9, org.springframework.security.web.header.HeaderWriterFilter@6b8683b8, org.springframework.web.filter.CorsFilter@5bdef8ee, org.springframework.security.web.authentication.logout.LogoutFilter@10545d02, org.springframework.security.oauth2.client.web.OAuth2AuthorizationRequestRedirectFilter@599fab92, org.springframework.security.oauth2.client.web.OAuth2LoginAuthenticationFilter@535adf36, org.springframework.security.web.savedrequest.RequestCacheAwareFilter@726ee6cf, org.springframework.security.web.servletapi.SecurityContextHolderAwareRequestFilter@4a83d61c, org.springframework.security.web.authentication.AnonymousAuthenticationFilter@345d4ecb, org.springframework.security.web.access.ExceptionTranslationFilter@71eead09, org.springframework.security.web.access.intercept.AuthorizationFilter@6137dc84]] (1/1)
2024-02-03T14:13:41.594Z DEBUG 42582 --- [           main] o.s.security.web.FilterChainProxy        : Securing POST /users/register
2024-02-03T14:13:41.594Z TRACE 42582 --- [           main] o.s.security.web.FilterChainProxy        : Invoking DisableEncodeUrlFilter (1/13)
2024-02-03T14:13:41.594Z TRACE 42582 --- [           main] o.s.security.web.FilterChainProxy        : Invoking WebAsyncManagerIntegrationFilter (2/13)
2024-02-03T14:13:41.594Z TRACE 42582 --- [           main] o.s.security.web.FilterChainProxy        : Invoking SecurityContextHolderFilter (3/13)
2024-02-03T14:13:41.594Z TRACE 42582 --- [           main] o.s.security.web.FilterChainProxy        : Invoking HeaderWriterFilter (4/13)
2024-02-03T14:13:41.594Z TRACE 42582 --- [           main] o.s.security.web.FilterChainProxy        : Invoking CorsFilter (5/13)
2024-02-03T14:13:41.594Z TRACE 42582 --- [           main] o.s.security.web.FilterChainProxy        : Invoking LogoutFilter (6/13)
2024-02-03T14:13:41.594Z TRACE 42582 --- [           main] o.s.s.w.a.logout.LogoutFilter            : Did not match request to Or [Ant [pattern='/logout', GET], Ant [pattern='/logout', POST], Ant [pattern='/logout', PUT], Ant [pattern='/logout', DELETE]]
2024-02-03T14:13:41.594Z TRACE 42582 --- [           main] o.s.security.web.FilterChainProxy        : Invoking OAuth2AuthorizationRequestRedirectFilter (7/13)
2024-02-03T14:13:41.594Z TRACE 42582 --- [           main] o.s.security.web.FilterChainProxy        : Invoking OAuth2LoginAuthenticationFilter (8/13)
2024-02-03T14:13:41.594Z TRACE 42582 --- [           main] .s.o.c.w.OAuth2LoginAuthenticationFilter : Did not match request to Ant [pattern='/login/oauth2/code/*']
2024-02-03T14:13:41.594Z TRACE 42582 --- [           main] o.s.security.web.FilterChainProxy        : Invoking RequestCacheAwareFilter (9/13)
2024-02-03T14:13:41.594Z TRACE 42582 --- [           main] o.s.s.w.s.HttpSessionRequestCache        : matchingRequestParameterName is required for getMatchingRequest to lookup a value, but not provided
2024-02-03T14:13:41.594Z TRACE 42582 --- [           main] o.s.security.web.FilterChainProxy        : Invoking SecurityContextHolderAwareRequestFilter (10/13)
2024-02-03T14:13:41.594Z TRACE 42582 --- [           main] o.s.security.web.FilterChainProxy        : Invoking AnonymousAuthenticationFilter (11/13)
2024-02-03T14:13:41.594Z TRACE 42582 --- [           main] o.s.security.web.FilterChainProxy        : Invoking ExceptionTranslationFilter (12/13)
2024-02-03T14:13:41.594Z TRACE 42582 --- [           main] o.s.security.web.FilterChainProxy        : Invoking AuthorizationFilter (13/13)
2024-02-03T14:13:41.595Z TRACE 42582 --- [           main] estMatcherDelegatingAuthorizationManager : Authorizing SecurityContextHolderAwareRequestWrapper[ org.springframework.security.web.header.HeaderWriterFilter$HeaderWriterRequest@50e336d9]
2024-02-03T14:13:41.595Z TRACE 42582 --- [           main] estMatcherDelegatingAuthorizationManager : Checking authorization on SecurityContextHolderAwareRequestWrapper[ org.springframework.security.web.header.HeaderWriterFilter$HeaderWriterRequest@50e336d9] using org.springframework.security.authorization.AuthenticatedAuthorizationManager@320ca97c
2024-02-03T14:13:41.595Z TRACE 42582 --- [           main] w.c.HttpSessionSecurityContextRepository : Retrieved SecurityContextImpl [Authentication=UsernamePasswordAuthenticationToken [Principal=org.springframework.security.core.userdetails.User [Username=testUser, Password=[PROTECTED], Enabled=true, AccountNonExpired=true, CredentialsNonExpired=true, AccountNonLocked=true, Granted Authorities=[ROLE_USER]], Credentials=[PROTECTED], Authenticated=true, Details=null, Granted Authorities=[ROLE_USER]]] from SPRING_SECURITY_CONTEXT
2024-02-03T14:13:41.595Z TRACE 42582 --- [           main] o.s.s.w.a.AnonymousAuthenticationFilter  : Did not set SecurityContextHolder since already authenticated UsernamePasswordAuthenticationToken [Principal=org.springframework.security.core.userdetails.User [Username=testUser, Password=[PROTECTED], Enabled=true, AccountNonExpired=true, CredentialsNonExpired=true, AccountNonLocked=true, Granted Authorities=[ROLE_USER]], Credentials=[PROTECTED], Authenticated=true, Details=null, Granted Authorities=[ROLE_USER]]
2024-02-03T14:13:41.595Z DEBUG 42582 --- [           main] o.s.security.web.FilterChainProxy        : Secured POST /users/register
2024-02-03T14:13:41.597Z TRACE 42582 --- [           main] o.s.s.w.header.writers.HstsHeaderWriter  : Not injecting HSTS header since it did not match request to [Is Secure]
]]></system-out>
  </testcase>
  <testcase name="testGetUser" classname="authservice.authservice.controller.UserControllerTest" time="0.005">
    <system-out><![CDATA[2024-02-03T14:13:41.606Z TRACE 42582 --- [           main] w.c.HttpSessionSecurityContextRepository : No HttpSession currently exists
2024-02-03T14:13:41.606Z TRACE 42582 --- [           main] w.c.HttpSessionSecurityContextRepository : Created SecurityContextImpl [Null authentication]
2024-02-03T14:13:41.606Z TRACE 42582 --- [           main] .s.s.w.c.SupplierDeferredSecurityContext : Created SecurityContextImpl [Null authentication]
2024-02-03T14:13:41.606Z DEBUG 42582 --- [           main] w.c.HttpSessionSecurityContextRepository : Created HttpSession as SecurityContext is non-default
2024-02-03T14:13:41.606Z DEBUG 42582 --- [           main] w.c.HttpSessionSecurityContextRepository : Stored SecurityContextImpl [Authentication=UsernamePasswordAuthenticationToken [Principal=org.springframework.security.core.userdetails.User [Username=testUser, Password=[PROTECTED], Enabled=true, AccountNonExpired=true, CredentialsNonExpired=true, AccountNonLocked=true, Granted Authorities=[ROLE_USER]], Credentials=[PROTECTED], Authenticated=true, Details=null, Granted Authorities=[ROLE_USER]]] to HttpSession [org.springframework.mock.web.MockHttpSession@3e7c66b3]
2024-02-03T14:13:41.606Z TRACE 42582 --- [           main] o.s.security.web.FilterChainProxy        : Trying to match request against DefaultSecurityFilterChain [RequestMatcher=any request, Filters=[org.springframework.security.web.session.DisableEncodeUrlFilter@25cef4b3, org.springframework.security.web.context.request.async.WebAsyncManagerIntegrationFilter@5e783f78, org.springframework.security.web.context.SecurityContextHolderFilter@48dc06a9, org.springframework.security.web.header.HeaderWriterFilter@6b8683b8, org.springframework.web.filter.CorsFilter@5bdef8ee, org.springframework.security.web.authentication.logout.LogoutFilter@10545d02, org.springframework.security.oauth2.client.web.OAuth2AuthorizationRequestRedirectFilter@599fab92, org.springframework.security.oauth2.client.web.OAuth2LoginAuthenticationFilter@535adf36, org.springframework.security.web.savedrequest.RequestCacheAwareFilter@726ee6cf, org.springframework.security.web.servletapi.SecurityContextHolderAwareRequestFilter@4a83d61c, org.springframework.security.web.authentication.AnonymousAuthenticationFilter@345d4ecb, org.springframework.security.web.access.ExceptionTranslationFilter@71eead09, org.springframework.security.web.access.intercept.AuthorizationFilter@6137dc84]] (1/1)
2024-02-03T14:13:41.606Z DEBUG 42582 --- [           main] o.s.security.web.FilterChainProxy        : Securing GET /users/username
2024-02-03T14:13:41.606Z TRACE 42582 --- [           main] o.s.security.web.FilterChainProxy        : Invoking DisableEncodeUrlFilter (1/13)
2024-02-03T14:13:41.606Z TRACE 42582 --- [           main] o.s.security.web.FilterChainProxy        : Invoking WebAsyncManagerIntegrationFilter (2/13)
2024-02-03T14:13:41.607Z TRACE 42582 --- [           main] o.s.security.web.FilterChainProxy        : Invoking SecurityContextHolderFilter (3/13)
2024-02-03T14:13:41.607Z TRACE 42582 --- [           main] o.s.security.web.FilterChainProxy        : Invoking HeaderWriterFilter (4/13)
2024-02-03T14:13:41.607Z TRACE 42582 --- [           main] o.s.security.web.FilterChainProxy        : Invoking CorsFilter (5/13)
2024-02-03T14:13:41.607Z TRACE 42582 --- [           main] o.s.security.web.FilterChainProxy        : Invoking LogoutFilter (6/13)
2024-02-03T14:13:41.607Z TRACE 42582 --- [           main] o.s.s.w.a.logout.LogoutFilter            : Did not match request to Or [Ant [pattern='/logout', GET], Ant [pattern='/logout', POST], Ant [pattern='/logout', PUT], Ant [pattern='/logout', DELETE]]
2024-02-03T14:13:41.607Z TRACE 42582 --- [           main] o.s.security.web.FilterChainProxy        : Invoking OAuth2AuthorizationRequestRedirectFilter (7/13)
2024-02-03T14:13:41.607Z TRACE 42582 --- [           main] o.s.security.web.FilterChainProxy        : Invoking OAuth2LoginAuthenticationFilter (8/13)
2024-02-03T14:13:41.607Z TRACE 42582 --- [           main] .s.o.c.w.OAuth2LoginAuthenticationFilter : Did not match request to Ant [pattern='/login/oauth2/code/*']
2024-02-03T14:13:41.607Z TRACE 42582 --- [           main] o.s.security.web.FilterChainProxy        : Invoking RequestCacheAwareFilter (9/13)
2024-02-03T14:13:41.607Z TRACE 42582 --- [           main] o.s.s.w.s.HttpSessionRequestCache        : matchingRequestParameterName is required for getMatchingRequest to lookup a value, but not provided
2024-02-03T14:13:41.607Z TRACE 42582 --- [           main] o.s.security.web.FilterChainProxy        : Invoking SecurityContextHolderAwareRequestFilter (10/13)
2024-02-03T14:13:41.607Z TRACE 42582 --- [           main] o.s.security.web.FilterChainProxy        : Invoking AnonymousAuthenticationFilter (11/13)
2024-02-03T14:13:41.607Z TRACE 42582 --- [           main] o.s.security.web.FilterChainProxy        : Invoking ExceptionTranslationFilter (12/13)
2024-02-03T14:13:41.607Z TRACE 42582 --- [           main] o.s.security.web.FilterChainProxy        : Invoking AuthorizationFilter (13/13)
2024-02-03T14:13:41.607Z TRACE 42582 --- [           main] estMatcherDelegatingAuthorizationManager : Authorizing SecurityContextHolderAwareRequestWrapper[ org.springframework.security.web.header.HeaderWriterFilter$HeaderWriterRequest@502f6f6a]
2024-02-03T14:13:41.607Z TRACE 42582 --- [           main] estMatcherDelegatingAuthorizationManager : Checking authorization on SecurityContextHolderAwareRequestWrapper[ org.springframework.security.web.header.HeaderWriterFilter$HeaderWriterRequest@502f6f6a] using org.springframework.security.authorization.AuthenticatedAuthorizationManager@320ca97c
2024-02-03T14:13:41.607Z TRACE 42582 --- [           main] w.c.HttpSessionSecurityContextRepository : Retrieved SecurityContextImpl [Authentication=UsernamePasswordAuthenticationToken [Principal=org.springframework.security.core.userdetails.User [Username=testUser, Password=[PROTECTED], Enabled=true, AccountNonExpired=true, CredentialsNonExpired=true, AccountNonLocked=true, Granted Authorities=[ROLE_USER]], Credentials=[PROTECTED], Authenticated=true, Details=null, Granted Authorities=[ROLE_USER]]] from SPRING_SECURITY_CONTEXT
2024-02-03T14:13:41.607Z TRACE 42582 --- [           main] o.s.s.w.a.AnonymousAuthenticationFilter  : Did not set SecurityContextHolder since already authenticated UsernamePasswordAuthenticationToken [Principal=org.springframework.security.core.userdetails.User [Username=testUser, Password=[PROTECTED], Enabled=true, AccountNonExpired=true, CredentialsNonExpired=true, AccountNonLocked=true, Granted Authorities=[ROLE_USER]], Credentials=[PROTECTED], Authenticated=true, Details=null, Granted Authorities=[ROLE_USER]]
2024-02-03T14:13:41.607Z DEBUG 42582 --- [           main] o.s.security.web.FilterChainProxy        : Secured GET /users/username
2024-02-03T14:13:41.608Z TRACE 42582 --- [           main] o.s.s.w.header.writers.HstsHeaderWriter  : Not injecting HSTS header since it did not match request to [Is Secure]
]]></system-out>
  </testcase>
  <testcase name="testGetUserByUsername" classname="authservice.authservice.controller.UserControllerTest" time="0.004">
    <system-out><![CDATA[2024-02-03T14:13:41.611Z TRACE 42582 --- [           main] w.c.HttpSessionSecurityContextRepository : No HttpSession currently exists
2024-02-03T14:13:41.611Z TRACE 42582 --- [           main] w.c.HttpSessionSecurityContextRepository : Created SecurityContextImpl [Null authentication]
2024-02-03T14:13:41.611Z TRACE 42582 --- [           main] .s.s.w.c.SupplierDeferredSecurityContext : Created SecurityContextImpl [Null authentication]
2024-02-03T14:13:41.611Z DEBUG 42582 --- [           main] w.c.HttpSessionSecurityContextRepository : Created HttpSession as SecurityContext is non-default
2024-02-03T14:13:41.611Z DEBUG 42582 --- [           main] w.c.HttpSessionSecurityContextRepository : Stored SecurityContextImpl [Authentication=UsernamePasswordAuthenticationToken [Principal=org.springframework.security.core.userdetails.User [Username=testUser, Password=[PROTECTED], Enabled=true, AccountNonExpired=true, CredentialsNonExpired=true, AccountNonLocked=true, Granted Authorities=[ROLE_USER]], Credentials=[PROTECTED], Authenticated=true, Details=null, Granted Authorities=[ROLE_USER]]] to HttpSession [org.springframework.mock.web.MockHttpSession@4a0dd851]
2024-02-03T14:13:41.611Z TRACE 42582 --- [           main] o.s.security.web.FilterChainProxy        : Trying to match request against DefaultSecurityFilterChain [RequestMatcher=any request, Filters=[org.springframework.security.web.session.DisableEncodeUrlFilter@25cef4b3, org.springframework.security.web.context.request.async.WebAsyncManagerIntegrationFilter@5e783f78, org.springframework.security.web.context.SecurityContextHolderFilter@48dc06a9, org.springframework.security.web.header.HeaderWriterFilter@6b8683b8, org.springframework.web.filter.CorsFilter@5bdef8ee, org.springframework.security.web.authentication.logout.LogoutFilter@10545d02, org.springframework.security.oauth2.client.web.OAuth2AuthorizationRequestRedirectFilter@599fab92, org.springframework.security.oauth2.client.web.OAuth2LoginAuthenticationFilter@535adf36, org.springframework.security.web.savedrequest.RequestCacheAwareFilter@726ee6cf, org.springframework.security.web.servletapi.SecurityContextHolderAwareRequestFilter@4a83d61c, org.springframework.security.web.authentication.AnonymousAuthenticationFilter@345d4ecb, org.springframework.security.web.access.ExceptionTranslationFilter@71eead09, org.springframework.security.web.access.intercept.AuthorizationFilter@6137dc84]] (1/1)
2024-02-03T14:13:41.612Z DEBUG 42582 --- [           main] o.s.security.web.FilterChainProxy        : Securing GET /users/username
2024-02-03T14:13:41.612Z TRACE 42582 --- [           main] o.s.security.web.FilterChainProxy        : Invoking DisableEncodeUrlFilter (1/13)
2024-02-03T14:13:41.612Z TRACE 42582 --- [           main] o.s.security.web.FilterChainProxy        : Invoking WebAsyncManagerIntegrationFilter (2/13)
2024-02-03T14:13:41.612Z TRACE 42582 --- [           main] o.s.security.web.FilterChainProxy        : Invoking SecurityContextHolderFilter (3/13)
2024-02-03T14:13:41.612Z TRACE 42582 --- [           main] o.s.security.web.FilterChainProxy        : Invoking HeaderWriterFilter (4/13)
2024-02-03T14:13:41.612Z TRACE 42582 --- [           main] o.s.security.web.FilterChainProxy        : Invoking CorsFilter (5/13)
2024-02-03T14:13:41.612Z TRACE 42582 --- [           main] o.s.security.web.FilterChainProxy        : Invoking LogoutFilter (6/13)
2024-02-03T14:13:41.612Z TRACE 42582 --- [           main] o.s.s.w.a.logout.LogoutFilter            : Did not match request to Or [Ant [pattern='/logout', GET], Ant [pattern='/logout', POST], Ant [pattern='/logout', PUT], Ant [pattern='/logout', DELETE]]
2024-02-03T14:13:41.612Z TRACE 42582 --- [           main] o.s.security.web.FilterChainProxy        : Invoking OAuth2AuthorizationRequestRedirectFilter (7/13)
2024-02-03T14:13:41.612Z TRACE 42582 --- [           main] o.s.security.web.FilterChainProxy        : Invoking OAuth2LoginAuthenticationFilter (8/13)
2024-02-03T14:13:41.612Z TRACE 42582 --- [           main] .s.o.c.w.OAuth2LoginAuthenticationFilter : Did not match request to Ant [pattern='/login/oauth2/code/*']
2024-02-03T14:13:41.612Z TRACE 42582 --- [           main] o.s.security.web.FilterChainProxy        : Invoking RequestCacheAwareFilter (9/13)
2024-02-03T14:13:41.612Z TRACE 42582 --- [           main] o.s.s.w.s.HttpSessionRequestCache        : matchingRequestParameterName is required for getMatchingRequest to lookup a value, but not provided
2024-02-03T14:13:41.612Z TRACE 42582 --- [           main] o.s.security.web.FilterChainProxy        : Invoking SecurityContextHolderAwareRequestFilter (10/13)
2024-02-03T14:13:41.612Z TRACE 42582 --- [           main] o.s.security.web.FilterChainProxy        : Invoking AnonymousAuthenticationFilter (11/13)
2024-02-03T14:13:41.612Z TRACE 42582 --- [           main] o.s.security.web.FilterChainProxy        : Invoking ExceptionTranslationFilter (12/13)
2024-02-03T14:13:41.612Z TRACE 42582 --- [           main] o.s.security.web.FilterChainProxy        : Invoking AuthorizationFilter (13/13)
2024-02-03T14:13:41.612Z TRACE 42582 --- [           main] estMatcherDelegatingAuthorizationManager : Authorizing SecurityContextHolderAwareRequestWrapper[ org.springframework.security.web.header.HeaderWriterFilter$HeaderWriterRequest@293dd4b3]
2024-02-03T14:13:41.612Z TRACE 42582 --- [           main] estMatcherDelegatingAuthorizationManager : Checking authorization on SecurityContextHolderAwareRequestWrapper[ org.springframework.security.web.header.HeaderWriterFilter$HeaderWriterRequest@293dd4b3] using org.springframework.security.authorization.AuthenticatedAuthorizationManager@320ca97c
2024-02-03T14:13:41.612Z TRACE 42582 --- [           main] w.c.HttpSessionSecurityContextRepository : Retrieved SecurityContextImpl [Authentication=UsernamePasswordAuthenticationToken [Principal=org.springframework.security.core.userdetails.User [Username=testUser, Password=[PROTECTED], Enabled=true, AccountNonExpired=true, CredentialsNonExpired=true, AccountNonLocked=true, Granted Authorities=[ROLE_USER]], Credentials=[PROTECTED], Authenticated=true, Details=null, Granted Authorities=[ROLE_USER]]] from SPRING_SECURITY_CONTEXT
2024-02-03T14:13:41.612Z TRACE 42582 --- [           main] o.s.s.w.a.AnonymousAuthenticationFilter  : Did not set SecurityContextHolder since already authenticated UsernamePasswordAuthenticationToken [Principal=org.springframework.security.core.userdetails.User [Username=testUser, Password=[PROTECTED], Enabled=true, AccountNonExpired=true, CredentialsNonExpired=true, AccountNonLocked=true, Granted Authorities=[ROLE_USER]], Credentials=[PROTECTED], Authenticated=true, Details=null, Granted Authorities=[ROLE_USER]]
2024-02-03T14:13:41.612Z DEBUG 42582 --- [           main] o.s.security.web.FilterChainProxy        : Secured GET /users/username
2024-02-03T14:13:41.613Z TRACE 42582 --- [           main] o.s.s.w.header.writers.HstsHeaderWriter  : Not injecting HSTS header since it did not match request to [Is Secure]
]]></system-out>
  </testcase>
  <testcase name="testRegisterUserAlreadyExists" classname="authservice.authservice.controller.UserControllerTest" time="0.005">
    <system-out><![CDATA[2024-02-03T14:13:41.617Z TRACE 42582 --- [           main] w.c.HttpSessionSecurityContextRepository : No HttpSession currently exists
2024-02-03T14:13:41.617Z TRACE 42582 --- [           main] w.c.HttpSessionSecurityContextRepository : Created SecurityContextImpl [Null authentication]
2024-02-03T14:13:41.617Z TRACE 42582 --- [           main] .s.s.w.c.SupplierDeferredSecurityContext : Created SecurityContextImpl [Null authentication]
2024-02-03T14:13:41.617Z DEBUG 42582 --- [           main] w.c.HttpSessionSecurityContextRepository : Created HttpSession as SecurityContext is non-default
2024-02-03T14:13:41.617Z DEBUG 42582 --- [           main] w.c.HttpSessionSecurityContextRepository : Stored SecurityContextImpl [Authentication=UsernamePasswordAuthenticationToken [Principal=org.springframework.security.core.userdetails.User [Username=testUser, Password=[PROTECTED], Enabled=true, AccountNonExpired=true, CredentialsNonExpired=true, AccountNonLocked=true, Granted Authorities=[ROLE_USER]], Credentials=[PROTECTED], Authenticated=true, Details=null, Granted Authorities=[ROLE_USER]]] to HttpSession [org.springframework.mock.web.MockHttpSession@326320bb]
2024-02-03T14:13:41.617Z TRACE 42582 --- [           main] o.s.security.web.FilterChainProxy        : Trying to match request against DefaultSecurityFilterChain [RequestMatcher=any request, Filters=[org.springframework.security.web.session.DisableEncodeUrlFilter@25cef4b3, org.springframework.security.web.context.request.async.WebAsyncManagerIntegrationFilter@5e783f78, org.springframework.security.web.context.SecurityContextHolderFilter@48dc06a9, org.springframework.security.web.header.HeaderWriterFilter@6b8683b8, org.springframework.web.filter.CorsFilter@5bdef8ee, org.springframework.security.web.authentication.logout.LogoutFilter@10545d02, org.springframework.security.oauth2.client.web.OAuth2AuthorizationRequestRedirectFilter@599fab92, org.springframework.security.oauth2.client.web.OAuth2LoginAuthenticationFilter@535adf36, org.springframework.security.web.savedrequest.RequestCacheAwareFilter@726ee6cf, org.springframework.security.web.servletapi.SecurityContextHolderAwareRequestFilter@4a83d61c, org.springframework.security.web.authentication.AnonymousAuthenticationFilter@345d4ecb, org.springframework.security.web.access.ExceptionTranslationFilter@71eead09, org.springframework.security.web.access.intercept.AuthorizationFilter@6137dc84]] (1/1)
2024-02-03T14:13:41.617Z DEBUG 42582 --- [           main] o.s.security.web.FilterChainProxy        : Securing POST /users/register
2024-02-03T14:13:41.617Z TRACE 42582 --- [           main] o.s.security.web.FilterChainProxy        : Invoking DisableEncodeUrlFilter (1/13)
2024-02-03T14:13:41.617Z TRACE 42582 --- [           main] o.s.security.web.FilterChainProxy        : Invoking WebAsyncManagerIntegrationFilter (2/13)
2024-02-03T14:13:41.617Z TRACE 42582 --- [           main] o.s.security.web.FilterChainProxy        : Invoking SecurityContextHolderFilter (3/13)
2024-02-03T14:13:41.617Z TRACE 42582 --- [           main] o.s.security.web.FilterChainProxy        : Invoking HeaderWriterFilter (4/13)
2024-02-03T14:13:41.617Z TRACE 42582 --- [           main] o.s.security.web.FilterChainProxy        : Invoking CorsFilter (5/13)
2024-02-03T14:13:41.617Z TRACE 42582 --- [           main] o.s.security.web.FilterChainProxy        : Invoking LogoutFilter (6/13)
2024-02-03T14:13:41.618Z TRACE 42582 --- [           main] o.s.s.w.a.logout.LogoutFilter            : Did not match request to Or [Ant [pattern='/logout', GET], Ant [pattern='/logout', POST], Ant [pattern='/logout', PUT], Ant [pattern='/logout', DELETE]]
2024-02-03T14:13:41.618Z TRACE 42582 --- [           main] o.s.security.web.FilterChainProxy        : Invoking OAuth2AuthorizationRequestRedirectFilter (7/13)
2024-02-03T14:13:41.618Z TRACE 42582 --- [           main] o.s.security.web.FilterChainProxy        : Invoking OAuth2LoginAuthenticationFilter (8/13)
2024-02-03T14:13:41.618Z TRACE 42582 --- [           main] .s.o.c.w.OAuth2LoginAuthenticationFilter : Did not match request to Ant [pattern='/login/oauth2/code/*']
2024-02-03T14:13:41.618Z TRACE 42582 --- [           main] o.s.security.web.FilterChainProxy        : Invoking RequestCacheAwareFilter (9/13)
2024-02-03T14:13:41.618Z TRACE 42582 --- [           main] o.s.s.w.s.HttpSessionRequestCache        : matchingRequestParameterName is required for getMatchingRequest to lookup a value, but not provided
2024-02-03T14:13:41.618Z TRACE 42582 --- [           main] o.s.security.web.FilterChainProxy        : Invoking SecurityContextHolderAwareRequestFilter (10/13)
2024-02-03T14:13:41.618Z TRACE 42582 --- [           main] o.s.security.web.FilterChainProxy        : Invoking AnonymousAuthenticationFilter (11/13)
2024-02-03T14:13:41.618Z TRACE 42582 --- [           main] o.s.security.web.FilterChainProxy        : Invoking ExceptionTranslationFilter (12/13)
2024-02-03T14:13:41.618Z TRACE 42582 --- [           main] o.s.security.web.FilterChainProxy        : Invoking AuthorizationFilter (13/13)
2024-02-03T14:13:41.618Z TRACE 42582 --- [           main] estMatcherDelegatingAuthorizationManager : Authorizing SecurityContextHolderAwareRequestWrapper[ org.springframework.security.web.header.HeaderWriterFilter$HeaderWriterRequest@57573880]
2024-02-03T14:13:41.618Z TRACE 42582 --- [           main] estMatcherDelegatingAuthorizationManager : Checking authorization on SecurityContextHolderAwareRequestWrapper[ org.springframework.security.web.header.HeaderWriterFilter$HeaderWriterRequest@57573880] using org.springframework.security.authorization.AuthenticatedAuthorizationManager@320ca97c
2024-02-03T14:13:41.618Z TRACE 42582 --- [           main] w.c.HttpSessionSecurityContextRepository : Retrieved SecurityContextImpl [Authentication=UsernamePasswordAuthenticationToken [Principal=org.springframework.security.core.userdetails.User [Username=testUser, Password=[PROTECTED], Enabled=true, AccountNonExpired=true, CredentialsNonExpired=true, AccountNonLocked=true, Granted Authorities=[ROLE_USER]], Credentials=[PROTECTED], Authenticated=true, Details=null, Granted Authorities=[ROLE_USER]]] from SPRING_SECURITY_CONTEXT
2024-02-03T14:13:41.618Z TRACE 42582 --- [           main] o.s.s.w.a.AnonymousAuthenticationFilter  : Did not set SecurityContextHolder since already authenticated UsernamePasswordAuthenticationToken [Principal=org.springframework.security.core.userdetails.User [Username=testUser, Password=[PROTECTED], Enabled=true, AccountNonExpired=true, CredentialsNonExpired=true, AccountNonLocked=true, Granted Authorities=[ROLE_USER]], Credentials=[PROTECTED], Authenticated=true, Details=null, Granted Authorities=[ROLE_USER]]
2024-02-03T14:13:41.618Z DEBUG 42582 --- [           main] o.s.security.web.FilterChainProxy        : Secured POST /users/register
2024-02-03T14:13:41.619Z TRACE 42582 --- [           main] o.s.s.w.header.writers.HstsHeaderWriter  : Not injecting HSTS header since it did not match request to [Is Secure]
]]></system-out>
  </testcase>
</testsuite>